<?xml version="1.0" encoding="UTF-8"?>
<testng-results ignored="0" total="3" passed="3" failed="0" skipped="0">
  <reporter-output>
  </reporter-output>
  <suite started-at="2022-09-23T07:46:45 IST" name="Suite-Regression" finished-at="2022-09-23T07:47:05 IST" duration-ms="19734">
    <groups>
    </groups>
    <test started-at="2022-09-23T07:46:45 IST" name="TestActions" finished-at="2022-09-23T07:47:05 IST" duration-ms="19734">
      <class name="tests.selenium.actions.DoubleClickDemo">
        <test-method is-config="true" signature="testSetUp()[pri:0, instance:tests.selenium.actions.DoubleClickDemo@506ae4d4]" started-at="2022-09-23T07:46:45 IST" name="testSetUp" finished-at="2022-09-23T07:46:52 IST" duration-ms="6652" status="PASS">
          <reporter-output>
          </reporter-output>
        </test-method> <!-- testSetUp -->
        <test-method signature="testDoubleClick()[pri:0, instance:tests.selenium.actions.DoubleClickDemo@506ae4d4]" started-at="2022-09-23T07:46:52 IST" name="testDoubleClick" finished-at="2022-09-23T07:46:55 IST" duration-ms="2972" status="PASS">
          <reporter-output>
          </reporter-output>
        </test-method> <!-- testDoubleClick -->
        <test-method signature="testRightClick()[pri:0, instance:tests.selenium.actions.DoubleClickDemo@506ae4d4]" started-at="2022-09-23T07:46:55 IST" name="testRightClick" finished-at="2022-09-23T07:46:55 IST" duration-ms="259" status="PASS">
          <reporter-output>
          </reporter-output>
        </test-method> <!-- testRightClick -->
        <test-method is-config="true" signature="closeBrowser()[pri:0, instance:tests.selenium.actions.DoubleClickDemo@506ae4d4]" started-at="2022-09-23T07:46:55 IST" name="closeBrowser" finished-at="2022-09-23T07:46:58 IST" duration-ms="2923" status="PASS">
          <reporter-output>
          </reporter-output>
        </test-method> <!-- closeBrowser -->
      </class> <!-- tests.selenium.actions.DoubleClickDemo -->
      <class name="tests.selenium.actions.MouseHoverAndPrintListValue">
        <test-method is-config="true" signature="testSetUp()[pri:0, instance:tests.selenium.actions.MouseHoverAndPrintListValue@272113c4]" started-at="2022-09-23T07:46:45 IST" name="testSetUp" finished-at="2022-09-23T07:47:05 IST" duration-ms="19138" status="PASS">
          <reporter-output>
          </reporter-output>
        </test-method> <!-- testSetUp -->
        <test-method signature="mouseHoveronWebElement()[pri:0, instance:tests.selenium.actions.MouseHoverAndPrintListValue@272113c4]" started-at="2022-09-23T07:47:05 IST" name="mouseHoveronWebElement" finished-at="2022-09-23T07:47:05 IST" duration-ms="571" status="PASS">
          <reporter-output>
          </reporter-output>
        </test-method> <!-- mouseHoveronWebElement -->
      </class> <!-- tests.selenium.actions.MouseHoverAndPrintListValue -->
    </test> <!-- TestActions -->
  </suite> <!-- Suite-Regression -->
</testng-results>
