<?xml version="1.0" encoding="UTF-8"?>
<testng-results ignored="0" total="1" passed="1" failed="0" skipped="0">
  <reporter-output>
  </reporter-output>
  <suite started-at="2022-10-01T07:33:50 IST" name="Default suite" finished-at="2022-10-01T07:34:12 IST" duration-ms="22373">
    <groups>
    </groups>
    <test started-at="2022-10-01T07:33:50 IST" name="Default test" finished-at="2022-10-01T07:34:12 IST" duration-ms="22373">
      <class name="com.selenium.properties.DemoProperties2">
        <test-method is-config="true" signature="setUp()[pri:0, instance:com.selenium.properties.DemoProperties2@6e0f5f7f]" started-at="2022-10-01T07:33:50 IST" name="setUp" finished-at="2022-10-01T07:33:52 IST" duration-ms="2197" status="PASS">
          <reporter-output>
          </reporter-output>
        </test-method> <!-- setUp -->
        <test-method signature="testPropertiesFile()[pri:0, instance:com.selenium.properties.DemoProperties2@6e0f5f7f]" started-at="2022-10-01T07:33:52 IST" name="testPropertiesFile" finished-at="2022-10-01T07:34:12 IST" duration-ms="20143" status="PASS">
          <reporter-output>
          </reporter-output>
        </test-method> <!-- testPropertiesFile -->
      </class> <!-- com.selenium.properties.DemoProperties2 -->
    </test> <!-- Default test -->
  </suite> <!-- Default suite -->
</testng-results>
