<?xml version="1.0" encoding="UTF-8"?>
<!-- Generated by org.testng.reporters.JUnitXMLReporter -->
<testsuite ignored="0" hostname="Sasi" failures="0" tests="3" name="TestActions" time="19.734" errors="0" timestamp="2022-09-23T07:47:05 IST">
  <testcase classname="tests.selenium.actions.DoubleClickDemo" name="testDoubleClick" time="2.972"/>
  <testcase classname="tests.selenium.actions.DoubleClickDemo" name="testRightClick" time="0.259"/>
  <testcase classname="tests.selenium.actions.MouseHoverAndPrintListValue" name="mouseHoveronWebElement" time="0.571"/>
</testsuite> <!-- TestActions -->
