<?xml version="1.0" encoding="UTF-8"?>
<!-- Generated by org.testng.reporters.JUnitXMLReporter -->
<testsuite ignored="4" hostname="Sasi" failures="0" tests="7" name="Test" time="0.057" errors="0" timestamp="2022-09-30T07:36:54 IST">
  <testcase classname="com.selenium.testng.groups.DemoGroups" name="testsignup" time="0.006"/>
  <testcase classname="com.selenium.testng.groups.DemoGroups" name="testStaffSignup" time="0.001"/>
  <testcase classname="com.selenium.testng.groups.DemoGroups" name="testLeave" time="0.001"/>
  <testcase classname="com.selenium.testng.groups.DemoGroups" name="testApplyLeave" time="0.001"/>
  <testcase classname="com.selenium.testng.groups.DemoGroups" name="testEditLeave" time="0.001"/>
  <testcase classname="com.selenium.testng.groups.DemoGroups" name="testCancelLeave" time="0.001"/>
  <testcase classname="com.selenium.testng.groups.DemoGroups" name="testApproveLeave" time="0.001"/>
  <testcase classname="com.selenium.testng.groups.DemoGroups" name="verifyErrorsSignupTest" time="0.0">
    <ignored/>
  </testcase> <!-- verifyErrorsSignupTest -->
  <testcase classname="com.selenium.testng.groups.DemoGroups" name="testRejectLeave" time="0.0">
    <ignored/>
  </testcase> <!-- testRejectLeave -->
  <testcase classname="com.selenium.testng.groups.DemoGroups" name="testLeaveErrors" time="0.0">
    <ignored/>
  </testcase> <!-- testLeaveErrors -->
  <testcase classname="com.selenium.testng.groups.DemoGroups" name="testAdminSignup" time="0.0">
    <ignored/>
  </testcase> <!-- testAdminSignup -->
</testsuite> <!-- Test -->
