<?xml version="1.0" encoding="UTF-8"?>
<testsuite xmlns:xsi="http://www.w3.org/2001/XMLSchema-instance" xsi:noNamespaceSchemaLocation="https://maven.apache.org/surefire/maven-surefire-plugin/xsd/surefire-test-report-3.0.xsd" version="3.0" name="TestSuite" time="44.464" tests="11" errors="0" skipped="0" failures="1">
  <properties>
[...]
</properties>
  <testcase name="testsignup" classname="com.selenium.testng.groups.DemoGroups" time="28.268"/>
  <testcase name="verifyErrorsSignupTest" classname="com.selenium.testng.groups.DemoGroups" time="15.608">
    <failure message="invalid selector: Unable to locate an element with the xpath expression //div[@role=&apos;table&apos;]/div[2]/div[1]/div/div[3 because of the following error:&#10;SyntaxError: Failed to execute &apos;evaluate&apos; on &apos;Document&apos;: The string &apos;//div[@role=&apos;table&apos;]/div[2]/div[1]/div/div[3&apos; is not a valid XPath expression.&#10;  (Session info: chrome=105.0.5195.127)&#10;For documentation on this error, please visit: https://www.seleniumhq.org/exceptions/invalid_selector_exception.html&#10;Build info: version: &apos;3.141.59&apos;, revision: &apos;e82be7d358&apos;, time: &apos;2018-11-14T08:17:03&apos;&#10;System info: host: &apos;SASI&apos;, ip: &apos;192.168.1.3&apos;, os.name: &apos;Windows 10&apos;, os.arch: &apos;amd64&apos;, os.version: &apos;10.0&apos;, java.version: &apos;17.0.1&apos;&#10;Driver info: org.openqa.selenium.chrome.ChromeDriver&#10;Capabilities {acceptInsecureCerts: false, browserName: chrome, browserVersion: 105.0.5195.127, chrome: {chromedriverVersion: 105.0.5195.52 (412c95e51883..., userDataDir: C:\Users\Lenovo\AppData\Loc...}, goog:chromeOptions: {debuggerAddress: localhost:58221}, javascriptEnabled: true, networkConnectionEnabled: false, pageLoadStrategy: normal, platform: WINDOWS, platformName: WINDOWS, proxy: Proxy(), setWindowRect: true, strictFileInteractability: false, timeouts: {implicit: 0, pageLoad: 300000, script: 30000}, unhandledPromptBehavior: dismiss and notify, webauthn:extension:credBlob: true, webauthn:extension:largeBlob: true, webauthn:virtualAuthenticators: true}&#10;Session ID: 38f48d2e838d318e34ca8ffb69a331ba&#10;*** Element info: {Using=xpath, value=//div[@role=&apos;table&apos;]/div[2]/div[1]/div/div[3}" type="org.openqa.selenium.InvalidSelectorException">org.openqa.selenium.InvalidSelectorException: 
invalid selector: Unable to locate an element with the xpath expression //div[@role='table']/div[2]/div[1]/div/div[3 because of the following error:
SyntaxError: Failed to execute 'evaluate' on 'Document': The string '//div[@role='table']/div[2]/div[1]/div/div[3' is not a valid XPath expression.
  (Session info: chrome=105.0.5195.127)
For documentation on this error, please visit: https://www.seleniumhq.org/exceptions/invalid_selector_exception.html
Build info: version: '3.141.59', revision: 'e82be7d358', time: '2018-11-14T08:17:03'
System info: host: 'SASI', ip: '192.168.1.3', os.name: 'Windows 10', os.arch: 'amd64', os.version: '10.0', java.version: '17.0.1'
Driver info: org.openqa.selenium.chrome.ChromeDriver
Capabilities {acceptInsecureCerts: false, browserName: chrome, browserVersion: 105.0.5195.127, chrome: {chromedriverVersion: 105.0.5195.52 (412c95e51883..., userDataDir: C:\Users\Lenovo\AppData\Loc...}, goog:chromeOptions: {debuggerAddress: localhost:58221}, javascriptEnabled: true, networkConnectionEnabled: false, pageLoadStrategy: normal, platform: WINDOWS, platformName: WINDOWS, proxy: Proxy(), setWindowRect: true, strictFileInteractability: false, timeouts: {implicit: 0, pageLoad: 300000, script: 30000}, unhandledPromptBehavior: dismiss and notify, webauthn:extension:credBlob: true, webauthn:extension:largeBlob: true, webauthn:virtualAuthenticators: true}
Session ID: 38f48d2e838d318e34ca8ffb69a331ba
*** Element info: {Using=xpath, value=//div[@role='table']/div[2]/div[1]/div/div[3}
	at com.selenium.testng.groups.DemoGroups.verifyErrorsSignupTest(DemoGroups.java:108)
</failure>
    <system-out><![CDATA[this is signup method in negative path - Regression
OrangeHRM
45
]]></system-out>
    <system-err><![CDATA[Starting ChromeDriver 105.0.5195.52 (412c95e518836d8a7d97250d62b29c2ae6a26a85-refs/branch-heads/5195@{#853}) on port 15782
Only local connections are allowed.
Please see https://chromedriver.chromium.org/security-considerations for suggestions on keeping ChromeDriver safe.
ChromeDriver was started successfully.
Sep 30, 2022 7:55:22 AM org.openqa.selenium.remote.ProtocolHandshake createSession
INFO: Detected dialect: W3C
]]></system-err>
  </testcase>
  <testcase name="testAdminSignup" classname="com.selenium.testng.groups.DemoGroups" time="0"/>
  <testcase name="testStaffSignup" classname="com.selenium.testng.groups.DemoGroups" time="0.003"/>
  <testcase name="testLeave" classname="com.selenium.testng.groups.DemoGroups" time="0"/>
  <testcase name="testLeaveErrors" classname="com.selenium.testng.groups.DemoGroups" time="0"/>
  <testcase name="testApplyLeave" classname="com.selenium.testng.groups.DemoGroups" time="0"/>
  <testcase name="testEditLeave" classname="com.selenium.testng.groups.DemoGroups" time="0"/>
  <testcase name="testRejectLeave" classname="com.selenium.testng.groups.DemoGroups" time="0"/>
  <testcase name="testCancelLeave" classname="com.selenium.testng.groups.DemoGroups" time="0.001"/>
  <testcase name="testApproveLeave" classname="com.selenium.testng.groups.DemoGroups" time="0"/>
</testsuite>