<?xml version="1.0" encoding="UTF-8"?>
<testng-results ignored="0" total="11" passed="10" failed="1" skipped="0">
  <reporter-output>
  </reporter-output>
  <suite started-at="2022-09-30T07:54:52 IST" name="Suite" finished-at="2022-09-30T07:55:36 IST" duration-ms="43929">
    <groups>
      <group name="functional">
        <method signature="DemoGroups.testStaffSignup()[pri:3, instance:com.selenium.testng.groups.DemoGroups@5ccddd20]" name="testStaffSignup" class="com.selenium.testng.groups.DemoGroups"/>
        <method signature="DemoGroups.testApplyLeave()[pri:6, instance:com.selenium.testng.groups.DemoGroups@5ccddd20]" name="testApplyLeave" class="com.selenium.testng.groups.DemoGroups"/>
        <method signature="DemoGroups.testCancelLeave()[pri:9, instance:com.selenium.testng.groups.DemoGroups@5ccddd20]" name="testCancelLeave" class="com.selenium.testng.groups.DemoGroups"/>
      </group> <!-- functional -->
      <group name="Regression">
        <method signature="DemoGroups.testsignup()[pri:0, instance:com.selenium.testng.groups.DemoGroups@5ccddd20]" name="testsignup" class="com.selenium.testng.groups.DemoGroups"/>
        <method signature="DemoGroups.verifyErrorsSignupTest()[pri:1, instance:com.selenium.testng.groups.DemoGroups@5ccddd20]" name="verifyErrorsSignupTest" class="com.selenium.testng.groups.DemoGroups"/>
        <method signature="DemoGroups.testAdminSignup()[pri:2, instance:com.selenium.testng.groups.DemoGroups@5ccddd20]" name="testAdminSignup" class="com.selenium.testng.groups.DemoGroups"/>
        <method signature="DemoGroups.testLeaveErrors()[pri:5, instance:com.selenium.testng.groups.DemoGroups@5ccddd20]" name="testLeaveErrors" class="com.selenium.testng.groups.DemoGroups"/>
        <method signature="DemoGroups.testApplyLeave()[pri:6, instance:com.selenium.testng.groups.DemoGroups@5ccddd20]" name="testApplyLeave" class="com.selenium.testng.groups.DemoGroups"/>
        <method signature="DemoGroups.testEditLeave()[pri:7, instance:com.selenium.testng.groups.DemoGroups@5ccddd20]" name="testEditLeave" class="com.selenium.testng.groups.DemoGroups"/>
        <method signature="DemoGroups.testRejectLeave()[pri:8, instance:com.selenium.testng.groups.DemoGroups@5ccddd20]" name="testRejectLeave" class="com.selenium.testng.groups.DemoGroups"/>
        <method signature="DemoGroups.testCancelLeave()[pri:9, instance:com.selenium.testng.groups.DemoGroups@5ccddd20]" name="testCancelLeave" class="com.selenium.testng.groups.DemoGroups"/>
        <method signature="DemoGroups.testApproveLeave()[pri:10, instance:com.selenium.testng.groups.DemoGroups@5ccddd20]" name="testApproveLeave" class="com.selenium.testng.groups.DemoGroups"/>
      </group> <!-- Regression -->
      <group name="smoke">
        <method signature="DemoGroups.testsignup()[pri:0, instance:com.selenium.testng.groups.DemoGroups@5ccddd20]" name="testsignup" class="com.selenium.testng.groups.DemoGroups"/>
        <method signature="DemoGroups.testLeave()[pri:4, instance:com.selenium.testng.groups.DemoGroups@5ccddd20]" name="testLeave" class="com.selenium.testng.groups.DemoGroups"/>
        <method signature="DemoGroups.testApplyLeave()[pri:6, instance:com.selenium.testng.groups.DemoGroups@5ccddd20]" name="testApplyLeave" class="com.selenium.testng.groups.DemoGroups"/>
        <method signature="DemoGroups.testEditLeave()[pri:7, instance:com.selenium.testng.groups.DemoGroups@5ccddd20]" name="testEditLeave" class="com.selenium.testng.groups.DemoGroups"/>
        <method signature="DemoGroups.testApproveLeave()[pri:10, instance:com.selenium.testng.groups.DemoGroups@5ccddd20]" name="testApproveLeave" class="com.selenium.testng.groups.DemoGroups"/>
      </group> <!-- smoke -->
    </groups>
    <test started-at="2022-09-30T07:54:52 IST" name="Test" finished-at="2022-09-30T07:55:36 IST" duration-ms="43929">
      <class name="com.selenium.testng.groups.DemoGroups">
        <test-method signature="testsignup()[pri:0, instance:com.selenium.testng.groups.DemoGroups@5ccddd20]" started-at="2022-09-30T07:54:52 IST" name="testsignup" finished-at="2022-09-30T07:55:20 IST" duration-ms="28262" status="PASS">
          <reporter-output>
          </reporter-output>
        </test-method> <!-- testsignup -->
        <test-method signature="verifyErrorsSignupTest()[pri:1, instance:com.selenium.testng.groups.DemoGroups@5ccddd20]" started-at="2022-09-30T07:55:20 IST" name="verifyErrorsSignupTest" finished-at="2022-09-30T07:55:36 IST" duration-ms="15603" status="FAIL">
          <exception class="org.openqa.selenium.InvalidSelectorException">
            <message>
              <![CDATA[invalid selector: Unable to locate an element with the xpath expression //div[@role='table']/div[2]/div[1]/div/div[3 because of the following error:
SyntaxError: Failed to execute 'evaluate' on 'Document': The string '//div[@role='table']/div[2]/div[1]/div/div[3' is not a valid XPath expression.
  (Session info: chrome=105.0.5195.127)
For documentation on this error, please visit: https://www.seleniumhq.org/exceptions/invalid_selector_exception.html
Build info: version: '3.141.59', revision: 'e82be7d358', time: '2018-11-14T08:17:03'
System info: host: 'SASI', ip: '192.168.1.3', os.name: 'Windows 10', os.arch: 'amd64', os.version: '10.0', java.version: '17.0.1'
Driver info: org.openqa.selenium.chrome.ChromeDriver
Capabilities {acceptInsecureCerts: false, browserName: chrome, browserVersion: 105.0.5195.127, chrome: {chromedriverVersion: 105.0.5195.52 (412c95e51883..., userDataDir: C:\Users\Lenovo\AppData\Loc...}, goog:chromeOptions: {debuggerAddress: localhost:58221}, javascriptEnabled: true, networkConnectionEnabled: false, pageLoadStrategy: normal, platform: WINDOWS, platformName: WINDOWS, proxy: Proxy(), setWindowRect: true, strictFileInteractability: false, timeouts: {implicit: 0, pageLoad: 300000, script: 30000}, unhandledPromptBehavior: dismiss and notify, webauthn:extension:credBlob: true, webauthn:extension:largeBlob: true, webauthn:virtualAuthenticators: true}
Session ID: 38f48d2e838d318e34ca8ffb69a331ba
*** Element info: {Using=xpath, value=//div[@role='table']/div[2]/div[1]/div/div[3}]]>
            </message>
            <full-stacktrace>
              <![CDATA[org.openqa.selenium.InvalidSelectorException: invalid selector: Unable to locate an element with the xpath expression //div[@role='table']/div[2]/div[1]/div/div[3 because of the following error:
SyntaxError: Failed to execute 'evaluate' on 'Document': The string '//div[@role='table']/div[2]/div[1]/div/div[3' is not a valid XPath expression.
  (Session info: chrome=105.0.5195.127)
For documentation on this error, please visit: https://www.seleniumhq.org/exceptions/invalid_selector_exception.html
Build info: version: '3.141.59', revision: 'e82be7d358', time: '2018-11-14T08:17:03'
System info: host: 'SASI', ip: '192.168.1.3', os.name: 'Windows 10', os.arch: 'amd64', os.version: '10.0', java.version: '17.0.1'
Driver info: org.openqa.selenium.chrome.ChromeDriver
Capabilities {acceptInsecureCerts: false, browserName: chrome, browserVersion: 105.0.5195.127, chrome: {chromedriverVersion: 105.0.5195.52 (412c95e51883..., userDataDir: C:\Users\Lenovo\AppData\Loc...}, goog:chromeOptions: {debuggerAddress: localhost:58221}, javascriptEnabled: true, networkConnectionEnabled: false, pageLoadStrategy: normal, platform: WINDOWS, platformName: WINDOWS, proxy: Proxy(), setWindowRect: true, strictFileInteractability: false, timeouts: {implicit: 0, pageLoad: 300000, script: 30000}, unhandledPromptBehavior: dismiss and notify, webauthn:extension:credBlob: true, webauthn:extension:largeBlob: true, webauthn:virtualAuthenticators: true}
Session ID: 38f48d2e838d318e34ca8ffb69a331ba
*** Element info: {Using=xpath, value=//div[@role='table']/div[2]/div[1]/div/div[3}
at java.base/jdk.internal.reflect.NativeConstructorAccessorImpl.newInstance0(Native Method)
at java.base/jdk.internal.reflect.NativeConstructorAccessorImpl.newInstance(NativeConstructorAccessorImpl.java:77)
at java.base/jdk.internal.reflect.DelegatingConstructorAccessorImpl.newInstance(DelegatingConstructorAccessorImpl.java:45)
at java.base/java.lang.reflect.Constructor.newInstanceWithCaller(Constructor.java:499)
at java.base/java.lang.reflect.Constructor.newInstance(Constructor.java:480)
at org.openqa.selenium.remote.http.W3CHttpResponseCodec.createException(W3CHttpResponseCodec.java:187)
at org.openqa.selenium.remote.http.W3CHttpResponseCodec.decode(W3CHttpResponseCodec.java:122)
at org.openqa.selenium.remote.http.W3CHttpResponseCodec.decode(W3CHttpResponseCodec.java:49)
at org.openqa.selenium.remote.HttpCommandExecutor.execute(HttpCommandExecutor.java:158)
at org.openqa.selenium.remote.service.DriverCommandExecutor.execute(DriverCommandExecutor.java:83)
at org.openqa.selenium.remote.RemoteWebDriver.execute(RemoteWebDriver.java:552)
at org.openqa.selenium.remote.RemoteWebDriver.findElement(RemoteWebDriver.java:323)
at org.openqa.selenium.remote.RemoteWebDriver.findElementByXPath(RemoteWebDriver.java:428)
at org.openqa.selenium.By$ByXPath.findElement(By.java:353)
at org.openqa.selenium.remote.RemoteWebDriver.findElement(RemoteWebDriver.java:315)
at com.selenium.testng.groups.DemoGroups.verifyErrorsSignupTest(DemoGroups.java:108)
at java.base/jdk.internal.reflect.NativeMethodAccessorImpl.invoke0(Native Method)
at java.base/jdk.internal.reflect.NativeMethodAccessorImpl.invoke(NativeMethodAccessorImpl.java:77)
at java.base/jdk.internal.reflect.DelegatingMethodAccessorImpl.invoke(DelegatingMethodAccessorImpl.java:43)
at java.base/java.lang.reflect.Method.invoke(Method.java:568)
at org.testng.internal.invokers.MethodInvocationHelper.invokeMethod(MethodInvocationHelper.java:139)
at org.testng.internal.invokers.TestInvoker.invokeMethod(TestInvoker.java:677)
at org.testng.internal.invokers.TestInvoker.invokeTestMethod(TestInvoker.java:221)
at org.testng.internal.invokers.MethodRunner.runInSequence(MethodRunner.java:50)
at org.testng.internal.invokers.TestInvoker$MethodInvocationAgent.invoke(TestInvoker.java:962)
at org.testng.internal.invokers.TestInvoker.invokeTestMethods(TestInvoker.java:194)
at org.testng.internal.invokers.TestMethodWorker.invokeTestMethods(TestMethodWorker.java:148)
at org.testng.internal.invokers.TestMethodWorker.run(TestMethodWorker.java:128)
at java.base/java.util.ArrayList.forEach(ArrayList.java:1511)
at org.testng.TestRunner.privateRun(TestRunner.java:806)
at org.testng.TestRunner.run(TestRunner.java:601)
at org.testng.SuiteRunner.runTest(SuiteRunner.java:433)
at org.testng.SuiteRunner.runSequentially(SuiteRunner.java:427)
at org.testng.SuiteRunner.privateRun(SuiteRunner.java:387)
at org.testng.SuiteRunner.run(SuiteRunner.java:330)
at org.testng.SuiteRunnerWorker.runSuite(SuiteRunnerWorker.java:52)
at org.testng.SuiteRunnerWorker.run(SuiteRunnerWorker.java:95)
at org.testng.TestNG.runSuitesSequentially(TestNG.java:1256)
at org.testng.TestNG.runSuitesLocally(TestNG.java:1176)
at org.testng.TestNG.runSuites(TestNG.java:1099)
at org.testng.TestNG.run(TestNG.java:1067)
at org.apache.maven.surefire.testng.TestNGExecutor.run(TestNGExecutor.java:283)
at org.apache.maven.surefire.testng.TestNGXmlTestSuite.execute(TestNGXmlTestSuite.java:75)
at org.apache.maven.surefire.testng.TestNGProvider.invoke(TestNGProvider.java:120)
at org.apache.maven.surefire.booter.ForkedBooter.invokeProviderInSameClassLoader(ForkedBooter.java:384)
at org.apache.maven.surefire.booter.ForkedBooter.runSuitesInProcess(ForkedBooter.java:345)
at org.apache.maven.surefire.booter.ForkedBooter.execute(ForkedBooter.java:126)
at org.apache.maven.surefire.booter.ForkedBooter.main(ForkedBooter.java:418)
]]>
            </full-stacktrace>
          </exception> <!-- org.openqa.selenium.InvalidSelectorException -->
          <reporter-output>
          </reporter-output>
        </test-method> <!-- verifyErrorsSignupTest -->
        <test-method signature="testAdminSignup()[pri:2, instance:com.selenium.testng.groups.DemoGroups@5ccddd20]" started-at="2022-09-30T07:55:36 IST" name="testAdminSignup" finished-at="2022-09-30T07:55:36 IST" duration-ms="0" status="PASS">
          <reporter-output>
          </reporter-output>
        </test-method> <!-- testAdminSignup -->
        <test-method signature="testStaffSignup()[pri:3, instance:com.selenium.testng.groups.DemoGroups@5ccddd20]" started-at="2022-09-30T07:55:36 IST" name="testStaffSignup" finished-at="2022-09-30T07:55:36 IST" duration-ms="0" status="PASS">
          <reporter-output>
          </reporter-output>
        </test-method> <!-- testStaffSignup -->
        <test-method signature="testLeave()[pri:4, instance:com.selenium.testng.groups.DemoGroups@5ccddd20]" started-at="2022-09-30T07:55:36 IST" name="testLeave" finished-at="2022-09-30T07:55:36 IST" duration-ms="0" status="PASS">
          <reporter-output>
          </reporter-output>
        </test-method> <!-- testLeave -->
        <test-method signature="testLeaveErrors()[pri:5, instance:com.selenium.testng.groups.DemoGroups@5ccddd20]" started-at="2022-09-30T07:55:36 IST" name="testLeaveErrors" finished-at="2022-09-30T07:55:36 IST" duration-ms="0" status="PASS">
          <reporter-output>
          </reporter-output>
        </test-method> <!-- testLeaveErrors -->
        <test-method signature="testApplyLeave()[pri:6, instance:com.selenium.testng.groups.DemoGroups@5ccddd20]" started-at="2022-09-30T07:55:36 IST" name="testApplyLeave" finished-at="2022-09-30T07:55:36 IST" duration-ms="0" status="PASS">
          <reporter-output>
          </reporter-output>
        </test-method> <!-- testApplyLeave -->
        <test-method signature="testEditLeave()[pri:7, instance:com.selenium.testng.groups.DemoGroups@5ccddd20]" started-at="2022-09-30T07:55:36 IST" name="testEditLeave" finished-at="2022-09-30T07:55:36 IST" duration-ms="0" status="PASS">
          <reporter-output>
          </reporter-output>
        </test-method> <!-- testEditLeave -->
        <test-method signature="testRejectLeave()[pri:8, instance:com.selenium.testng.groups.DemoGroups@5ccddd20]" started-at="2022-09-30T07:55:36 IST" name="testRejectLeave" finished-at="2022-09-30T07:55:36 IST" duration-ms="0" status="PASS">
          <reporter-output>
          </reporter-output>
        </test-method> <!-- testRejectLeave -->
        <test-method signature="testCancelLeave()[pri:9, instance:com.selenium.testng.groups.DemoGroups@5ccddd20]" started-at="2022-09-30T07:55:36 IST" name="testCancelLeave" finished-at="2022-09-30T07:55:36 IST" duration-ms="0" status="PASS">
          <reporter-output>
          </reporter-output>
        </test-method> <!-- testCancelLeave -->
        <test-method signature="testApproveLeave()[pri:10, instance:com.selenium.testng.groups.DemoGroups@5ccddd20]" started-at="2022-09-30T07:55:36 IST" name="testApproveLeave" finished-at="2022-09-30T07:55:36 IST" duration-ms="0" status="PASS">
          <reporter-output>
          </reporter-output>
        </test-method> <!-- testApproveLeave -->
      </class> <!-- com.selenium.testng.groups.DemoGroups -->
    </test> <!-- Test -->
  </suite> <!-- Suite -->
</testng-results>
